<?xml version="1.0" encoding="UTF-8" ?>
<testsuite errors="0" failures="0" hostname="localhost" name="main.domain.LaneTest" tests="1" time="0.073" timestamp="2013-05-12T20:24:10">
  <properties>
    <property name="java.vendor" value="Oracle Corporation" />
    <property name="hamcrest.jar" value="WebContent/WEB-INF/lib/hamcrest-core-1.1.jar" />
    <property name="commons-logging.jar" value="WebContent/WEB-INF/lib/commons-logging-1.1.1.jar" />
    <property name="sun.java.launcher" value="SUN_STANDARD" />
    <property name="eclipse.pdebuild.templates" value="/awp/eclipse/plugins/org.eclipse.pde.build_3.8.2.v20121114-140810/templates//" />
    <property name="sun.management.compiler" value="HotSpot 64-Bit Tiered Compilers" />
    <property name="tomcat-manager-password" value="bpmn" />
    <property name="dist" value="target/dist" />
    <property name="os.name" value="Mac OS X" />
    <property name="tomcat-manager-url-vserver" value="http://78.47.81.222:9090/manager/text" />
    <property name="sun.boot.class.path" value="/Library/Java/JavaVirtualMachines/1.7.0.jdk/Contents/Home/jre/lib/resources.jar:/Library/Java/JavaVirtualMachines/1.7.0.jdk/Contents/Home/jre/lib/rt.jar:/Library/Java/JavaVirtualMachines/1.7.0.jdk/Contents/Home/jre/lib/sunrsasign.jar:/Library/Java/JavaVirtualMachines/1.7.0.jdk/Contents/Home/jre/lib/jsse.jar:/Library/Java/JavaVirtualMachines/1.7.0.jdk/Contents/Home/jre/lib/jce.jar:/Library/Java/JavaVirtualMachines/1.7.0.jdk/Contents/Home/jre/lib/charsets.jar:/Library/Java/JavaVirtualMachines/1.7.0.jdk/Contents/Home/jre/lib/modules/jdk.boot.jar:/Library/Java/JavaVirtualMachines/1.7.0.jdk/Contents/Home/jre/lib/JObjC.jar:/Library/Java/JavaVirtualMachines/1.7.0.jdk/Contents/Home/jre/classes" />
    <property name="findbugs.home" value="WebContent/WEB-INF/lib/findbugs-ant.jar" />
    <property name="java.vm.specification.vendor" value="Oracle Corporation" />
    <property name="ant.home" value="/awp/eclipse/plugins/org.apache.ant_1.8.3.v201301120609" />
    <property name="build-info.DSTAMP" value="20130512" />
    <property name="java.runtime.version" value="1.7.0-ea-b223" />
    <property name="checkstyle.jar" value="WebContent/WEB-INF/lib/checkstyle-5.6.jar" />
    <property name="user.name" value="christianroser" />
    <property name="tomcat-manager-username" value="bpmn" />
    <property name="user.language" value="de" />
    <property name="sun.boot.library.path" value="/Library/Java/JavaVirtualMachines/1.7.0.jdk/Contents/Home/jre/lib" />
    <property name="ant.project.default-target" value="reDeployRemote" />
    <property name="junit4.jar" value="WebContent/WEB-INF/lib/junit-4.11.jar" />
    <property name="ant.project.name" value="planspielBPMNTomEE" />
    <property name="guava.jar" value="WebContent/WEB-INF/lib/guava-r08.jar" />
    <property name="java.version" value="1.7.0-ea" />
    <property name="classes" value="target/classes" />
    <property name="user.timezone" value="" />
    <property name="sun.arch.data.model" value="64" />
    <property name="tomcat-manager-url-local" value="http://localhost:8080/manager/text" />
    <property name="http.nonProxyHosts" value="localhost|*.localhost|127.0.0.1|eb|*.eb|hs-karlsruhe.de|*.hs-karlsruhe.de" />
    <property name="java.endorsed.dirs" value="/Library/Java/JavaVirtualMachines/1.7.0.jdk/Contents/Home/jre/lib/endorsed" />
    <property name="sun.cpu.isalist" value="" />
    <property name="sun.jnu.encoding" value="US-ASCII" />
    <property name="file.encoding.pkg" value="sun.io" />
    <property name="file.separator" value="/" />
    <property name="java.specification.name" value="Java Platform API Specification" />
    <property name="java.class.version" value="51.0" />
    <property name="source-directory" value="src/main" />
    <property name="user.country" value="DE" />
    <property name="build-info.current-date" value="12-May-2013" />
    <property name="java.home" value="/Library/Java/JavaVirtualMachines/1.7.0.jdk/Contents/Home/jre" />
    <property name="java.vm.info" value="mixed mode" />
    <property name="ant.file" value="/awp/workspace/planspielBPMNTomEE/build.xml" />
    <property name="os.version" value="10.8.3" />
    <property name="build-info.TODAY" value="May 12 2013" />
    <property name="test.reports" value="reports" />
    <property name="path.separator" value=":" />
    <property name="java.vm.version" value="21.0-b17" />
    <property name="ant.library.dir" value="/awp/eclipse/plugins/org.apache.ant_1.8.3.v201301120609/lib" />
    <property name="build-info.year-month-day" value="2013-05-12" />
    <property name="java.awt.printerjob" value="sun.lwawt.macosx.CPrinterJob" />
    <property name="web-xml-file" value="WebContent/WEB-INF/web.xml" />
    <property name="sun.io.unicode.encoding" value="UnicodeBig" />
    <property name="awt.toolkit" value="sun.lwawt.macosx.LWCToolkit" />
    <property name="socksNonProxyHosts" value="localhost|*.localhost|127.0.0.1|eb|*.eb|hs-karlsruhe.de|*.hs-karlsruhe.de" />
    <property name="ftp.nonProxyHosts" value="localhost|*.localhost|127.0.0.1|eb|*.eb|hs-karlsruhe.de|*.hs-karlsruhe.de" />
    <property name="eclipse.pdebuild.scripts" value="/awp/eclipse/plugins/org.eclipse.pde.build_3.8.2.v20121114-140810/scripts//" />
    <property name="user.home" value="/Users/christianroser" />
    <property name="java.specification.vendor" value="Oracle Corporation" />
    <property name="java.library.path" value="/Users/christianroser/Library/Java/Extensions:/Library/Java/Extensions:/Network/Library/Java/Extensions:/System/Library/Java/Extensions:/usr/lib/java" />
    <property name="java.vendor.url" value="http://java.oracle.com/" />
    <property name="build-info.TSTAMP" value="2223" />
    <property name="java.vm.vendor" value="Oracle Corporation" />
    <property name="gopherProxySet" value="false" />
    <property name="war-file-name" value="planspiel.war" />
    <property name="java.runtime.name" value="OpenJDK Runtime Environment" />
    <property name="sun.java.command" value="org.apache.tools.ant.taskdefs.optional.junit.JUnitTestRunner main.domain.LaneTest filtertrace=true haltOnError=false haltOnFailure=false formatter=org.apache.tools.ant.taskdefs.optional.junit.SummaryJUnitResultFormatter showoutput=false outputtoformatters=true logfailedtests=true logtestlistenerevents=false formatter=org.apache.tools.ant.taskdefs.optional.junit.XMLJUnitResultFormatter,/awp/workspace/planspielBPMNTomEE/reports/JUnit/TEST-main.domain.LaneTest.xml crashfile=/awp/workspace/planspielBPMNTomEE/junitvmwatcher1783701271120782758.properties propsfile=/awp/workspace/planspielBPMNTomEE/junit7735571682362557224.properties" />
    <property name="java.class.path" value="/awp/workspace/planspielBPMNTomEE/WebContent/WEB-INF/lib/hamcrest-core-1.1.jar:/awp/workspace/planspielBPMNTomEE/WebContent/WEB-INF/lib/junit-4.11.jar:/awp/workspace/planspielBPMNTomEE/target/classes:/awp/eclipse/plugins/org.apache.ant_1.8.3.v201301120609/lib/ant-launcher.jar:/awp/eclipse/plugins/org.apache.ant_1.8.3.v201301120609/lib/ant.jar:/awp/eclipse/plugins/org.apache.ant_1.8.3.v201301120609/lib/ant-junit.jar:/awp/eclipse/plugins/org.apache.ant_1.8.3.v201301120609/lib/ant-junit4.jar" />
    <property name="ant.version" value="Apache Ant(TM) version 1.8.3 compiled on February 26 2012" />
    <property name="classes-directory" value="build/classes" />
    <property name="build-info.current-time" value="10:23:48 PM CEST" />
    <property name="java.vm.specification.name" value="Java Virtual Machine Specification" />
    <property name="java.vm.specification.version" value="1.7" />
    <property name="sun.cpu.endian" value="little" />
    <property name="sun.os.patch.level" value="unknown" />
    <property name="pmd.jar" value="WebContent/WEB-INF/lib/pmd-5.0.4.jar" />
    <property name="eclipse.pdebuild.home" value="/awp/eclipse/plugins/org.eclipse.pde.build_3.8.2.v20121114-140810/.//" />
    <property name="java.io.tmpdir" value="/var/folders/18/lqnr25_d2bxcr9w80ppd3ydh0000gn/T/" />
    <property name="ant.file.planspielBPMNTomEE" value="/awp/workspace/planspielBPMNTomEE/build.xml" />
    <property name="java.vendor.url.bug" value="http://bugreport.sun.com/bugreport/" />
    <property name="java.awt.graphicsenv" value="sun.awt.CGraphicsEnvironment" />
    <property name="os.arch" value="x86_64" />
    <property name="java.ext.dirs" value="/Users/christianroser/Library/Java/Extensions:/Library/Java/JavaVirtualMachines/1.7.0.jdk/Contents/Home/jre/lib/ext:/Library/Java/Extensions:/Network/Library/Java/Extensions:/System/Library/Java/Extensions:/usr/lib/java" />
    <property name="user.dir" value="/awp/workspace/planspielBPMNTomEE" />
    <property name="doc-directory" value="WebContent/doc" />
    <property name="line.separator" value="&#xa;" />
    <property name="java.vm.name" value="OpenJDK 64-Bit Server VM" />
    <property name="project-name" value="planspielBPMN" />
    <property name="basedir" value="/awp/workspace/planspielBPMNTomEE" />
    <property name="web-directory" value="WebContent" />
    <property name="build-directory" value="build" />
    <property name="ant.java.version" value="1.7" />
    <property name="tomcat-manager-url" value="http://bpmnServer:8080/manager/text" />
    <property name="ant.core.lib" value="/awp/eclipse/plugins/org.apache.ant_1.8.3.v201301120609/lib/ant.jar" />
    <property name="catalina-ant-dir" value="WebContent/WEB-INF/lib" />
    <property name="file.encoding" value="US-ASCII" />
    <property name="commons-beanutils-core.jar" value="WebContent/WEB-INF/lib/commons-beanutils-core-1.8.3.jar" />
    <property name="antlr.jar" value="WebContent/WEB-INF/lib/antlr-2.7.6.jar" />
    <property name="ant.file.type.planspielBPMNTomEE" value="file" />
    <property name="java.specification.version" value="1.7" />
    <property name="ant.project.invoked-targets" value="Junit" />
  </properties>
  <testcase classname="main.domain.LaneTest" name="TestEquals" time="0.003" />
  <system-out><![CDATA[]]></system-out>
  <system-err><![CDATA[]]></system-err>
</testsuite>
